# JRE version: OpenJDK Runtime Environment (11.0.6+8) (build 11.0.6+8-b520.43)
# Java VM: OpenJDK 64-Bit Server VM (11.0.6+8-b520.43, mixed mode, tiered, compressed oops, g1 gc, windows-amd64)
Heap:
 garbage-first heap   total 260096K, used 61740K [0x0000000702000000, 0x0000000800000000)
  region size 1024K, 32 young (32768K), 6 survivors (6144K)
 Metaspace       used 35663K, capacity 36235K, committed 36432K, reserved 1081344K
  class space    used 3822K, capacity 4084K, committed 4096K, reserved 1048576K
GC Heap History (8 events):
Event: 0.979 GC heap before
{Heap before GC invocations=0 (full 0):
 garbage-first heap   total 260096K, used 24576K [0x0000000702000000, 0x0000000800000000)
  region size 1024K, 24 young (24576K), 0 survivors (0K)
 Metaspace       used 18193K, capacity 18663K, committed 18688K, reserved 1067008K
  class space    used 1840K, capacity 2032K, committed 2048K, reserved 1048576K
}
Event: 0.986 GC heap after
{Heap after GC invocations=1 (full 0):
 garbage-first heap   total 260096K, used 8661K [0x0000000702000000, 0x0000000800000000)
  region size 1024K, 3 young (3072K), 3 survivors (3072K)
 Metaspace       used 18193K, capacity 18663K, committed 18688K, reserved 1067008K
  class space    used 1840K, capacity 2032K, committed 2048K, reserved 1048576K
}
Event: 1.157 GC heap before
{Heap before GC invocations=1 (full 0):
 garbage-first heap   total 260096K, used 15829K [0x0000000702000000, 0x0000000800000000)
  region size 1024K, 11 young (11264K), 3 survivors (3072K)
 Metaspace       used 20650K, capacity 21133K, committed 21296K, reserved 1069056K
  class space    used 2125K, capacity 2345K, committed 2432K, reserved 1048576K
}
Event: 1.161 GC heap after
{Heap after GC invocations=2 (full 0):
 garbage-first heap   total 260096K, used 9819K [0x0000000702000000, 0x0000000800000000)
  region size 1024K, 5 young (5120K), 5 survivors (5120K)
 Metaspace       used 20650K, capacity 21133K, committed 21296K, reserved 1069056K
  class space    used 2125K, capacity 2345K, committed 2432K, reserved 1048576K
}
Event: 6.278 GC heap before
{Heap before GC invocations=3 (full 0):
 garbage-first heap   total 260096K, used 21083K [0x0000000702000000, 0x0000000800000000)
  region size 1024K, 16 young (16384K), 5 survivors (5120K)
 Metaspace       used 24332K, capacity 24875K, committed 25136K, reserved 1071104K
  class space    used 2610K, capacity 2843K, committed 2944K, reserved 1048576K
}
Event: 6.282 GC heap after
{Heap after GC invocations=4 (full 0):
 garbage-first heap   total 260096K, used 12407K [0x0000000702000000, 0x0000000800000000)
  region size 1024K, 2 young (2048K), 2 survivors (2048K)
 Metaspace       used 24332K, capacity 24875K, committed 25136K, reserved 1071104K
  class space    used 2610K, capacity 2843K, committed 2944K, reserved 1048576K
}
Event: 19.860 GC heap before
{Heap before GC invocations=4 (full 0):
 garbage-first heap   total 260096K, used 76919K [0x0000000702000000, 0x0000000800000000)
  region size 1024K, 59 young (60416K), 2 survivors (2048K)
 Metaspace       used 35241K, capacity 35842K, committed 35920K, reserved 1081344K
  class space    used 3822K, capacity 4083K, committed 4096K, reserved 1048576K
}
Event: 19.864 GC heap after
{Heap after GC invocations=5 (full 0):
 garbage-first heap   total 260096K, used 23852K [0x0000000702000000, 0x0000000800000000)
  region size 1024K, 6 young (6144K), 6 survivors (6144K)
 Metaspace       used 35241K, capacity 35842K, committed 35920K, reserved 1081344K
  class space    used 3822K, capacity 4083K, committed 4096K, reserved 1048576K
}

