# JRE version: Java(TM) SE Runtime Environment (11.0.6+8) (build 11.0.6+8-LTS)
# Java VM: Java HotSpot(TM) 64-Bit Server VM (11.0.6+8-LTS, mixed mode, tiered, compressed oops, g1 gc, windows-amd64)
Heap:
 garbage-first heap   total 312320K, used 199749K [0x0000000702000000, 0x0000000800000000)
  region size 1024K, 7 young (7168K), 5 survivors (5120K)
 Metaspace       used 37852K, capacity 38437K, committed 40108K, reserved 1085440K
  class space    used 3876K, capacity 4142K, committed 4608K, reserved 1048576K
GC Heap History (10 events):
Event: 11325.616 GC heap before
{Heap before GC invocations=2715 (full 0):
 garbage-first heap   total 312320K, used 268113K [0x0000000702000000, 0x0000000800000000)
  region size 1024K, 72 young (73728K), 4 survivors (4096K)
 Metaspace       used 37848K, capacity 38437K, committed 40108K, reserved 1085440K
  class space    used 3876K, capacity 4142K, committed 4608K, reserved 1048576K
}
Event: 11325.618 GC heap after
{Heap after GC invocations=2716 (full 0):
 garbage-first heap   total 312320K, used 196888K [0x0000000702000000, 0x0000000800000000)
  region size 1024K, 4 young (4096K), 4 survivors (4096K)
 Metaspace       used 37848K, capacity 38437K, committed 40108K, reserved 1085440K
  class space    used 3876K, capacity 4142K, committed 4608K, reserved 1048576K
}
Event: 11332.357 GC heap before
{Heap before GC invocations=2716 (full 0):
 garbage-first heap   total 312320K, used 263448K [0x0000000702000000, 0x0000000800000000)
  region size 1024K, 69 young (70656K), 4 survivors (4096K)
 Metaspace       used 37849K, capacity 38437K, committed 40108K, reserved 1085440K
  class space    used 3876K, capacity 4142K, committed 4608K, reserved 1048576K
}
Event: 11332.359 GC heap after
{Heap after GC invocations=2717 (full 0):
 garbage-first heap   total 312320K, used 190830K [0x0000000702000000, 0x0000000800000000)
  region size 1024K, 4 young (4096K), 4 survivors (4096K)
 Metaspace       used 37849K, capacity 38437K, committed 40108K, reserved 1085440K
  class space    used 3876K, capacity 4142K, committed 4608K, reserved 1048576K
}
Event: 11332.816 GC heap before
{Heap before GC invocations=2718 (full 0):
 garbage-first heap   total 312320K, used 199022K [0x0000000702000000, 0x0000000800000000)
  region size 1024K, 13 young (13312K), 4 survivors (4096K)
 Metaspace       used 37849K, capacity 38437K, committed 40108K, reserved 1085440K
  class space    used 3876K, capacity 4142K, committed 4608K, reserved 1048576K
}
Event: 11332.818 GC heap after
{Heap after GC invocations=2719 (full 0):
 garbage-first heap   total 312320K, used 191542K [0x0000000702000000, 0x0000000800000000)
  region size 1024K, 5 young (5120K), 5 survivors (5120K)
 Metaspace       used 37849K, capacity 38437K, committed 40108K, reserved 1085440K
  class space    used 3876K, capacity 4142K, committed 4608K, reserved 1048576K
}
Event: 11333.847 GC heap before
{Heap before GC invocations=2720 (full 0):
 garbage-first heap   total 312320K, used 200758K [0x0000000702000000, 0x0000000800000000)
  region size 1024K, 11 young (11264K), 5 survivors (5120K)
 Metaspace       used 37850K, capacity 38437K, committed 40108K, reserved 1085440K
  class space    used 3876K, capacity 4142K, committed 4608K, reserved 1048576K
}
Event: 11333.851 GC heap after
{Heap after GC invocations=2721 (full 0):
 garbage-first heap   total 312320K, used 195868K [0x0000000702000000, 0x0000000800000000)
  region size 1024K, 5 young (5120K), 5 survivors (5120K)
 Metaspace       used 37850K, capacity 38437K, committed 40108K, reserved 1085440K
  class space    used 3876K, capacity 4142K, committed 4608K, reserved 1048576K
}
Event: 11333.972 GC heap before
{Heap before GC invocations=2722 (full 0):
 garbage-first heap   total 312320K, used 202012K [0x0000000702000000, 0x0000000800000000)
  region size 1024K, 7 young (7168K), 5 survivors (5120K)
 Metaspace       used 37852K, capacity 38437K, committed 40108K, reserved 1085440K
  class space    used 3876K, capacity 4142K, committed 4608K, reserved 1048576K
}
Event: 11333.974 GC heap after
{Heap after GC invocations=2723 (full 0):
 garbage-first heap   total 312320K, used 197701K [0x0000000702000000, 0x0000000800000000)
  region size 1024K, 5 young (5120K), 5 survivors (5120K)
 Metaspace       used 37852K, capacity 38437K, committed 40108K, reserved 1085440K
  class space    used 3876K, capacity 4142K, committed 4608K, reserved 1048576K
}

